
> tei-dialogue-editor@0.1.0 test:e2e
> playwright test tests/e2e/error-scenarios.spec.ts --workers=1

[1A[2K[2m[WebServer] [22mReceived `true` for a non-boolean attribute `shrink-0`.
[2m[WebServer] [22m
[2m[WebServer] [22mIf you want to write it to the DOM, pass a string instead: shrink-0="true" or shrink-0={value.toString()}.


Running 38 tests using 1 worker

[1A[2K[1/38] [chromium] › tests/e2e/error-scenarios.spec.ts:53:7 › Invalid File Upload Errors › should reject non-XML file (.txt) with user feedback
[1A[2K[chromium] › tests/e2e/error-scenarios.spec.ts:53:7 › Invalid File Upload Errors › should reject non-XML file (.txt) with user feedback
Skipping host requirements validation logic because `PLAYWRIGHT_SKIP_VALIDATE_HOST_REQUIREMENTS` env variable is set.

[1A[2K  1) [chromium] › tests/e2e/error-scenarios.spec.ts:53:7 › Invalid File Upload Errors › should reject non-XML file (.txt) with user feedback 

    Error: [2mexpect([22m[31mreceived[39m[2m).[22mtoBeTruthy[2m()[22m

    Received: [31mfalse[39m

      71 |     const hasGallery = await page.getByText(/Sample Gallery|Welcome/i).isVisible().catch(() => false);
      72 |
    > 73 |     expect(hasUploadButton || hasGallery).toBeTruthy();
         |                                           ^
      74 |   });
      75 |
      76 |   test('should reject binary file (.jpg)', async ({ page }) => {
        at /home/bor/Projects/tei-xml/tests/e2e/error-scenarios.spec.ts:73:43

    attachment #1: screenshot (image/png) ──────────────────────────────────────────────────────────
    test-results/error-scenarios-Invalid-Fi-9f2b5-file-txt-with-user-feedback-chromium/test-failed-1.png
    ────────────────────────────────────────────────────────────────────────────────────────────────

    Error Context: test-results/error-scenarios-Invalid-Fi-9f2b5-file-txt-with-user-feedback-chromium/error-context.md


[1A[2K[2/38] [chromium] › tests/e2e/error-scenarios.spec.ts:76:7 › Invalid File Upload Errors › should reject binary file (.jpg)
[1A[2K[chromium] › tests/e2e/error-scenarios.spec.ts:76:7 › Invalid File Upload Errors › should reject binary file (.jpg)
Skipping host requirements validation logic because `PLAYWRIGHT_SKIP_VALIDATE_HOST_REQUIREMENTS` env variable is set.

[1A[2K  2) [chromium] › tests/e2e/error-scenarios.spec.ts:76:7 › Invalid File Upload Errors › should reject binary file (.jpg) 

    Error: [2mexpect([22m[31mreceived[39m[2m).[22mtoBeTruthy[2m()[22m

    Received: [31mfalse[39m

      88 |
      89 |     // Should not crash - app should still be functional
    > 90 |     expect(await verifyAppFunctional(page)).toBeTruthy();
         |                                             ^
      91 |   });
      92 |
      93 |   test('should reject completely empty file', async ({ page }) => {
        at /home/bor/Projects/tei-xml/tests/e2e/error-scenarios.spec.ts:90:45

    attachment #1: screenshot (image/png) ──────────────────────────────────────────────────────────
    test-results/error-scenarios-Invalid-Fi-d26a3-uld-reject-binary-file-jpg--chromium/test-failed-1.png
    ────────────────────────────────────────────────────────────────────────────────────────────────

    Error Context: test-results/error-scenarios-Invalid-Fi-d26a3-uld-reject-binary-file-jpg--chromium/error-context.md


[1A[2K[3/38] [chromium] › tests/e2e/error-scenarios.spec.ts:93:7 › Invalid File Upload Errors › should reject completely empty file
[1A[2K[chromium] › tests/e2e/error-scenarios.spec.ts:93:7 › Invalid File Upload Errors › should reject completely empty file
Skipping host requirements validation logic because `PLAYWRIGHT_SKIP_VALIDATE_HOST_REQUIREMENTS` env variable is set.

[1A[2K  3) [chromium] › tests/e2e/error-scenarios.spec.ts:93:7 › Invalid File Upload Errors › should reject completely empty file 

    Error: [2mexpect([22m[31mreceived[39m[2m).[22mtoBeTruthy[2m()[22m

    Received: [31mfalse[39m

      105 |
      106 |     // Should not crash - app should still be functional
    > 107 |     expect(await verifyAppFunctional(page)).toBeTruthy();
          |                                             ^
      108 |   });
      109 |
      110 |   test('should reject file with only whitespace', async ({ page }) => {
        at /home/bor/Projects/tei-xml/tests/e2e/error-scenarios.spec.ts:107:45

    attachment #1: screenshot (image/png) ──────────────────────────────────────────────────────────
    test-results/error-scenarios-Invalid-Fi-c39d6-eject-completely-empty-file-chromium/test-failed-1.png
    ────────────────────────────────────────────────────────────────────────────────────────────────

    Error Context: test-results/error-scenarios-Invalid-Fi-c39d6-eject-completely-empty-file-chromium/error-context.md


[1A[2K[4/38] [chromium] › tests/e2e/error-scenarios.spec.ts:110:7 › Invalid File Upload Errors › should reject file with only whitespace
[1A[2K[chromium] › tests/e2e/error-scenarios.spec.ts:110:7 › Invalid File Upload Errors › should reject file with only whitespace
Skipping host requirements validation logic because `PLAYWRIGHT_SKIP_VALIDATE_HOST_REQUIREMENTS` env variable is set.

[1A[2K  4) [chromium] › tests/e2e/error-scenarios.spec.ts:110:7 › Invalid File Upload Errors › should reject file with only whitespace 

    Error: [2mexpect([22m[31mreceived[39m[2m).[22mtoBeTruthy[2m()[22m

    Received: [31mfalse[39m

      122 |
      123 |     // Should not crash - app should still be functional
    > 124 |     expect(await verifyAppFunctional(page)).toBeTruthy();
          |                                             ^
      125 |   });
      126 |
      127 |   test('should handle malformed XML with unclosed tag', async ({ page }) => {
        at /home/bor/Projects/tei-xml/tests/e2e/error-scenarios.spec.ts:124:45

    attachment #1: screenshot (image/png) ──────────────────────────────────────────────────────────
    test-results/error-scenarios-Invalid-Fi-b3b29-t-file-with-only-whitespace-chromium/test-failed-1.png
    ────────────────────────────────────────────────────────────────────────────────────────────────

    Error Context: test-results/error-scenarios-Invalid-Fi-b3b29-t-file-with-only-whitespace-chromium/error-context.md


[1A[2K[5/38] [chromium] › tests/e2e/error-scenarios.spec.ts:127:7 › Invalid File Upload Errors › should handle malformed XML with unclosed tag
[1A[2K[chromium] › tests/e2e/error-scenarios.spec.ts:127:7 › Invalid File Upload Errors › should handle malformed XML with unclosed tag
Skipping host requirements validation logic because `PLAYWRIGHT_SKIP_VALIDATE_HOST_REQUIREMENTS` env variable is set.

[1A[2K  5) [chromium] › tests/e2e/error-scenarios.spec.ts:127:7 › Invalid File Upload Errors › should handle malformed XML with unclosed tag 

    Error: [2mexpect([22m[31mreceived[39m[2m).[22mtoBeTruthy[2m()[22m

    Received: [31mfalse[39m

      139 |
      140 |     // Should not crash - app should remain functional
    > 141 |     expect(await verifyAppFunctional(page)).toBeTruthy();
          |                                             ^
      142 |
      143 |     // Cleanup
      144 |     unlinkSync(tempPath);
        at /home/bor/Projects/tei-xml/tests/e2e/error-scenarios.spec.ts:141:45

    attachment #1: screenshot (image/png) ──────────────────────────────────────────────────────────
    test-results/error-scenarios-Invalid-Fi-da211-ormed-XML-with-unclosed-tag-chromium/test-failed-1.png
    ────────────────────────────────────────────────────────────────────────────────────────────────

    Error Context: test-results/error-scenarios-Invalid-Fi-da211-ormed-XML-with-unclosed-tag-chromium/error-context.md


[1A[2K[6/38] [chromium] › tests/e2e/error-scenarios.spec.ts:147:7 › Invalid File Upload Errors › should handle malformed XML with invalid entities
[1A[2K[chromium] › tests/e2e/error-scenarios.spec.ts:147:7 › Invalid File Upload Errors › should handle malformed XML with invalid entities
Skipping host requirements validation logic because `PLAYWRIGHT_SKIP_VALIDATE_HOST_REQUIREMENTS` env variable is set.

[1A[2K  6) [chromium] › tests/e2e/error-scenarios.spec.ts:147:7 › Invalid File Upload Errors › should handle malformed XML with invalid entities 

    Error: [2mexpect([22m[31mreceived[39m[2m).[22mtoBeTruthy[2m()[22m

    Received: [31mfalse[39m

      159 |
      160 |     // Should not crash - app should remain functional
    > 161 |     expect(await verifyAppFunctional(page)).toBeTruthy();
          |                                             ^
      162 |
      163 |     // Cleanup
      164 |     unlinkSync(tempPath);
        at /home/bor/Projects/tei-xml/tests/e2e/error-scenarios.spec.ts:161:45

    attachment #1: screenshot (image/png) ──────────────────────────────────────────────────────────
    test-results/error-scenarios-Invalid-Fi-9e424-d-XML-with-invalid-entities-chromium/test-failed-1.png
    ────────────────────────────────────────────────────────────────────────────────────────────────

    Error Context: test-results/error-scenarios-Invalid-Fi-9e424-d-XML-with-invalid-entities-chromium/error-context.md


[1A[2K[7/38] [chromium] › tests/e2e/error-scenarios.spec.ts:167:7 › Invalid File Upload Errors › should handle missing root element
[1A[2K[chromium] › tests/e2e/error-scenarios.spec.ts:167:7 › Invalid File Upload Errors › should handle missing root element
Skipping host requirements validation logic because `PLAYWRIGHT_SKIP_VALIDATE_HOST_REQUIREMENTS` env variable is set.

[1A[2K  7) [chromium] › tests/e2e/error-scenarios.spec.ts:167:7 › Invalid File Upload Errors › should handle missing root element 

    Error: [2mexpect([22m[31mreceived[39m[2m).[22mtoBeTruthy[2m()[22m

    Received: [31mfalse[39m

      179 |
      180 |     // Should not crash - app should remain functional
    > 181 |     expect(await verifyAppFunctional(page)).toBeTruthy();
          |                                             ^
      182 |
      183 |     // Cleanup
      184 |     unlinkSync(tempPath);
        at /home/bor/Projects/tei-xml/tests/e2e/error-scenarios.spec.ts:181:45

    attachment #1: screenshot (image/png) ──────────────────────────────────────────────────────────
    test-results/error-scenarios-Invalid-Fi-c2410-handle-missing-root-element-chromium/test-failed-1.png
    ────────────────────────────────────────────────────────────────────────────────────────────────

    Error Context: test-results/error-scenarios-Invalid-Fi-c2410-handle-missing-root-element-chromium/error-context.md


[1A[2K[8/38] [chromium] › tests/e2e/error-scenarios.spec.ts:187:7 › Invalid File Upload Errors › should allow retry after failed upload
[1A[2K[chromium] › tests/e2e/error-scenarios.spec.ts:187:7 › Invalid File Upload Errors › should allow retry after failed upload
Skipping host requirements validation logic because `PLAYWRIGHT_SKIP_VALIDATE_HOST_REQUIREMENTS` env variable is set.

[1A[2K[9/38] [chromium] › tests/e2e/error-scenarios.spec.ts:226:7 › Invalid File Upload Errors › should show user-friendly error message for invalid files
[1A[2K  8) [chromium] › tests/e2e/error-scenarios.spec.ts:226:7 › Invalid File Upload Errors › should show user-friendly error message for invalid files 

    Error: [2mexpect([22m[31mreceived[39m[2m).[22mtoBeTruthy[2m()[22m

    Received: [31mfalse[39m

      243 |
      244 |     // Console may have errors but app should handle gracefully
    > 245 |     expect(await verifyAppFunctional(page)).toBeTruthy();
          |                                             ^
      246 |   });
      247 | });
      248 |
        at /home/bor/Projects/tei-xml/tests/e2e/error-scenarios.spec.ts:245:45

    attachment #1: screenshot (image/png) ──────────────────────────────────────────────────────────
    test-results/error-scenarios-Invalid-Fi-b808b-r-message-for-invalid-files-chromium/test-failed-1.png
    ────────────────────────────────────────────────────────────────────────────────────────────────

    Error Context: test-results/error-scenarios-Invalid-Fi-b808b-r-message-for-invalid-files-chromium/error-context.md


[1A[2K[10/38] [chromium] › tests/e2e/error-scenarios.spec.ts:250:7 › Network Error Scenarios › should handle corpus browser sample load failure
[1A[2K[chromium] › tests/e2e/error-scenarios.spec.ts:250:7 › Network Error Scenarios › should handle corpus browser sample load failure
Skipping host requirements validation logic because `PLAYWRIGHT_SKIP_VALIDATE_HOST_REQUIREMENTS` env variable is set.

[1A[2K[11/38] [chromium] › tests/e2e/error-scenarios.spec.ts:277:7 › Network Error Scenarios › should handle missing 404 sample
[1A[2K[12/38] [chromium] › tests/e2e/error-scenarios.spec.ts:296:7 › Network Error Scenarios › should recover from network timeout
[1A[2K[13/38] [chromium] › tests/e2e/error-scenarios.spec.ts:330:7 › Network Error Scenarios › should work offline after initial load
[1A[2K[14/38] [chromium] › tests/e2e/error-scenarios.spec.ts:361:7 › Missing Document Scenarios › should handle operations with no document loaded
[1A[2K[15/38] [chromium] › tests/e2e/error-scenarios.spec.ts:376:7 › Missing Document Scenarios › should handle AI mode switch without document
[1A[2K[16/38] [chromium] › tests/e2e/error-scenarios.spec.ts:393:7 › Missing Document Scenarios › should handle visualization access without document
[1A[2K[17/38] [chromium] › tests/e2e/error-scenarios.spec.ts:409:7 › Missing Document Scenarios › should handle export without document
[1A[2K[18/38] [chromium] › tests/e2e/error-scenarios.spec.ts:444:7 › Invalid TEI Structure › should handle TEI without required teiHeader
[1A[2K[19/38] [chromium] › tests/e2e/error-scenarios.spec.ts:470:7 › Invalid TEI Structure › should handle TEI without body content
[1A[2K[20/38] [chromium] › tests/e2e/error-scenarios.spec.ts:501:7 › Invalid TEI Structure › should handle TEI with speakers but no dialogue
[1A[2K[21/38] [chromium] › tests/e2e/error-scenarios.spec.ts:530:7 › Invalid TEI Structure › should handle TEI with malformed speaker references
[1A[2K[22/38] [chromium] › tests/e2e/error-scenarios.spec.ts:571:7 › Large File Performance › should handle document with 200 passages
[1A[2K[23/38] [chromium] › tests/e2e/error-scenarios.spec.ts:609:7 › Large File Performance › should handle very large document (>500 passages)
[1A[2K[24/38] [chromium] › tests/e2e/error-scenarios.spec.ts:647:7 › Large File Performance › should handle document >100KB
[1A[2K  9) [chromium] › tests/e2e/error-scenarios.spec.ts:647:7 › Large File Performance › should handle document >100KB 

    Error: [2mexpect([22m[31mreceived[39m[2m).[22mtoBeGreaterThan[2m([22m[32mexpected[39m[2m)[22m

    Expected: > [32m100[39m
    Received:   [31m20.373046875[39m

      658 |     const sizeKB = stats.size / 1024;
      659 |
    > 660 |     expect(sizeKB).toBeGreaterThan(100);
          |                    ^
      661 |
      662 |     const fileInput = page.locator('input[type="file"]').first();
      663 |     await fileInput.waitFor({ state: 'attached', timeout: 5000 });
        at /home/bor/Projects/tei-xml/tests/e2e/error-scenarios.spec.ts:660:20

    attachment #1: screenshot (image/png) ──────────────────────────────────────────────────────────
    test-results/error-scenarios-Large-File-1170b-hould-handle-document-100KB-chromium/test-failed-1.png
    ────────────────────────────────────────────────────────────────────────────────────────────────

    Error Context: test-results/error-scenarios-Large-File-1170b-hould-handle-document-100KB-chromium/error-context.md


[1A[2K[25/38] [chromium] › tests/e2e/error-scenarios.spec.ts:680:7 › Large File Performance › should handle document >1MB
[1A[2K[chromium] › tests/e2e/error-scenarios.spec.ts:680:7 › Large File Performance › should handle document >1MB
Skipping host requirements validation logic because `PLAYWRIGHT_SKIP_VALIDATE_HOST_REQUIREMENTS` env variable is set.

[1A[2K[26/38] [chromium] › tests/e2e/error-scenarios.spec.ts:726:7 › Large File Performance › should handle rapid file uploads of large documents
[1A[2K[27/38] [chromium] › tests/e2e/error-scenarios.spec.ts:763:7 › Browser Limits and Memory › should handle low memory conditions gracefully
[1A[2K[28/38] [chromium] › tests/e2e/error-scenarios.spec.ts:792:7 › Browser Limits and Memory › should handle file size limits
[1A[2K[29/38] [chromium] › tests/e2e/error-scenarios.spec.ts:845:7 › Browser Limits and Memory › should handle storage quota exceeded
[1A[2K[30/38] [chromium] › tests/e2e/error-scenarios.spec.ts:875:7 › Browser Limits and Memory › should handle disabled localStorage
[1A[2K[31/38] [chromium] › tests/e2e/error-scenarios.spec.ts:907:7 › Concurrent Operations and Race Conditions › should handle rapid mode switching
[1A[2K[32/38] [chromium] › tests/e2e/error-scenarios.spec.ts:934:7 › Concurrent Operations and Race Conditions › should handle rapid sample loading
[1A[2K  10) [chromium] › tests/e2e/error-scenarios.spec.ts:934:7 › Concurrent Operations and Race Conditions › should handle rapid sample loading 

    [31mTest timeout of 60000ms exceeded.[39m

    Error: locator.click: Test timeout of 60000ms exceeded.
    Call log:
    [2m  - waiting for getByRole('button', { name: 'Load Sample' }).first()[22m


      941 |     for (const sample of samples) {
      942 |       await page.getByText(sample, { exact: false }).click();
    > 943 |       await page.getByRole('button', { name: 'Load Sample' }).first().click();
          |                                                                       ^
      944 |       await page.waitForTimeout(200);
      945 |     }
      946 |
        at /home/bor/Projects/tei-xml/tests/e2e/error-scenarios.spec.ts:943:71

    attachment #1: screenshot (image/png) ──────────────────────────────────────────────────────────
    test-results/error-scenarios-Concurrent-fe930-handle-rapid-sample-loading-chromium/test-failed-1.png
    ────────────────────────────────────────────────────────────────────────────────────────────────

    Error Context: test-results/error-scenarios-Concurrent-fe930-handle-rapid-sample-loading-chromium/error-context.md


[1A[2K[33/38] [chromium] › tests/e2e/error-scenarios.spec.ts:956:7 › Concurrent Operations and Race Conditions › should handle rapid panel toggling
[1A[2K[chromium] › tests/e2e/error-scenarios.spec.ts:956:7 › Concurrent Operations and Race Conditions › should handle rapid panel toggling
Skipping host requirements validation logic because `PLAYWRIGHT_SKIP_VALIDATE_HOST_REQUIREMENTS` env variable is set.

[1A[2K[34/38] [chromium] › tests/e2e/error-scenarios.spec.ts:978:7 › Concurrent Operations and Race Conditions › should handle simultaneous keyboard shortcuts
[1A[2K[35/38] [chromium] › tests/e2e/error-scenarios.spec.ts:1013:7 › Recovery and User Experience › should allow document reload after error
[1A[2K  11) [chromium] › tests/e2e/error-scenarios.spec.ts:1013:7 › Recovery and User Experience › should allow document reload after error 

    [31mTest timeout of 60000ms exceeded.[39m

    Error: locator.click: Test timeout of 60000ms exceeded.
    Call log:
    [2m  - waiting for getByText('The Gift of the Magi')[22m


      1026 |
      1027 |     // Now reload valid sample
    > 1028 |     await page.getByText('The Gift of the Magi', { exact: false }).click();
           |                                                                    ^
      1029 |     await page.getByRole('button', { name: 'Load Sample' }).first().click();
      1030 |     await page.waitForLoadState('networkidle');
      1031 |
        at /home/bor/Projects/tei-xml/tests/e2e/error-scenarios.spec.ts:1028:68

    attachment #1: screenshot (image/png) ──────────────────────────────────────────────────────────
    test-results/error-scenarios-Recovery-a-3a394-document-reload-after-error-chromium/test-failed-1.png
    ────────────────────────────────────────────────────────────────────────────────────────────────

    Error Context: test-results/error-scenarios-Recovery-a-3a394-document-reload-after-error-chromium/error-context.md


[1A[2K[36/38] [chromium] › tests/e2e/error-scenarios.spec.ts:1036:7 › Recovery and User Experience › should preserve app state during errors
[1A[2K[chromium] › tests/e2e/error-scenarios.spec.ts:1036:7 › Recovery and User Experience › should preserve app state during errors
Skipping host requirements validation logic because `PLAYWRIGHT_SKIP_VALIDATE_HOST_REQUIREMENTS` env variable is set.

[1A[2K  12) [chromium] › tests/e2e/error-scenarios.spec.ts:1036:7 › Recovery and User Experience › should preserve app state during errors 

    Error: [2mexpect([22m[31mlocator[39m[2m).[22mtoBeVisible[2m([22m[2m)[22m failed

    Locator: getByText('Rendered View').first()
    Expected: visible
    Timeout: 5000ms
    Error: element(s) not found

    Call log:
    [2m  - Expect "toBeVisible" with timeout 5000ms[22m
    [2m  - waiting for getByText('Rendered View').first()[22m


      1052 |
      1053 |     // Original document should still be visible (state preserved)
    > 1054 |     await expect(page.getByText('Rendered View').first()).toBeVisible();
           |                                                           ^
      1055 |   });
      1056 |
      1057 |   test('should show helpful error messages', async ({ page }) => {
        at /home/bor/Projects/tei-xml/tests/e2e/error-scenarios.spec.ts:1054:59

    attachment #1: screenshot (image/png) ──────────────────────────────────────────────────────────
    test-results/error-scenarios-Recovery-a-df7f4-rve-app-state-during-errors-chromium/test-failed-1.png
    ────────────────────────────────────────────────────────────────────────────────────────────────

    Error Context: test-results/error-scenarios-Recovery-a-df7f4-rve-app-state-during-errors-chromium/error-context.md


[1A[2K[37/38] [chromium] › tests/e2e/error-scenarios.spec.ts:1057:7 › Recovery and User Experience › should show helpful error messages
[1A[2K[chromium] › tests/e2e/error-scenarios.spec.ts:1057:7 › Recovery and User Experience › should show helpful error messages
Skipping host requirements validation logic because `PLAYWRIGHT_SKIP_VALIDATE_HOST_REQUIREMENTS` env variable is set.

[1A[2K  13) [chromium] › tests/e2e/error-scenarios.spec.ts:1057:7 › Recovery and User Experience › should show helpful error messages 

    Error: [2mexpect([22m[31mreceived[39m[2m).[22mtoBeTruthy[2m()[22m

    Received: [31mfalse[39m

      1073 |
      1074 |     // Should show user-friendly message or handle silently
    > 1075 |     expect(await verifyAppFunctional(page)).toBeTruthy();
           |                                             ^
      1076 |   });
      1077 |
      1078 |   test('should allow user to continue working after error', async ({ page }) => {
        at /home/bor/Projects/tei-xml/tests/e2e/error-scenarios.spec.ts:1075:45

    attachment #1: screenshot (image/png) ──────────────────────────────────────────────────────────
    test-results/error-scenarios-Recovery-a-a399a-show-helpful-error-messages-chromium/test-failed-1.png
    ────────────────────────────────────────────────────────────────────────────────────────────────

    Error Context: test-results/error-scenarios-Recovery-a-a399a-show-helpful-error-messages-chromium/error-context.md


[1A[2K[38/38] [chromium] › tests/e2e/error-scenarios.spec.ts:1078:7 › Recovery and User Experience › should allow user to continue working after error
[1A[2K[chromium] › tests/e2e/error-scenarios.spec.ts:1078:7 › Recovery and User Experience › should allow user to continue working after error
Skipping host requirements validation logic because `PLAYWRIGHT_SKIP_VALIDATE_HOST_REQUIREMENTS` env variable is set.

[1A[2K  13 failed
    [chromium] › tests/e2e/error-scenarios.spec.ts:53:7 › Invalid File Upload Errors › should reject non-XML file (.txt) with user feedback 
    [chromium] › tests/e2e/error-scenarios.spec.ts:76:7 › Invalid File Upload Errors › should reject binary file (.jpg) 
    [chromium] › tests/e2e/error-scenarios.spec.ts:93:7 › Invalid File Upload Errors › should reject completely empty file 
    [chromium] › tests/e2e/error-scenarios.spec.ts:110:7 › Invalid File Upload Errors › should reject file with only whitespace 
    [chromium] › tests/e2e/error-scenarios.spec.ts:127:7 › Invalid File Upload Errors › should handle malformed XML with unclosed tag 
    [chromium] › tests/e2e/error-scenarios.spec.ts:147:7 › Invalid File Upload Errors › should handle malformed XML with invalid entities 
    [chromium] › tests/e2e/error-scenarios.spec.ts:167:7 › Invalid File Upload Errors › should handle missing root element 
    [chromium] › tests/e2e/error-scenarios.spec.ts:226:7 › Invalid File Upload Errors › should show user-friendly error message for invalid files 
    [chromium] › tests/e2e/error-scenarios.spec.ts:647:7 › Large File Performance › should handle document >100KB 
    [chromium] › tests/e2e/error-scenarios.spec.ts:934:7 › Concurrent Operations and Race Conditions › should handle rapid sample loading 
    [chromium] › tests/e2e/error-scenarios.spec.ts:1013:7 › Recovery and User Experience › should allow document reload after error 
    [chromium] › tests/e2e/error-scenarios.spec.ts:1036:7 › Recovery and User Experience › should preserve app state during errors 
    [chromium] › tests/e2e/error-scenarios.spec.ts:1057:7 › Recovery and User Experience › should show helpful error messages 
  2 skipped
  23 passed (3.5m)
